\BOOKMARK [0][-]{chapter.1}{Introduction}{}% 1
\BOOKMARK [1][-]{section.1.1}{Motivation}{chapter.1}% 2
\BOOKMARK [1][-]{section.1.2}{Challenges}{chapter.1}% 3
\BOOKMARK [1][-]{section.1.3}{Related Work}{chapter.1}% 4
\BOOKMARK [1][-]{section.1.4}{Related Courses}{chapter.1}% 5
\BOOKMARK [0][-]{chapter.2}{Preparation}{}% 6
\BOOKMARK [1][-]{section.2.1}{Requirements Analysis}{chapter.2}% 7
\BOOKMARK [1][-]{section.2.2}{Data Gathering}{chapter.2}% 8
\BOOKMARK [2][-]{subsection.2.2.1}{Hardware}{section.2.2}% 9
\BOOKMARK [1][-]{section.2.3}{Time Lapse}{chapter.2}% 10
\BOOKMARK [1][-]{section.2.4}{Machine Learning}{chapter.2}% 11
\BOOKMARK [2][-]{subsection.2.4.1}{Random Forest}{section.2.4}% 12
\BOOKMARK [2][-]{subsection.2.4.2}{Multilayer Perceptron}{section.2.4}% 13
\BOOKMARK [1][-]{section.2.5}{Choice of Tools}{chapter.2}% 14
\BOOKMARK [2][-]{subsection.2.5.1}{Programming Language}{section.2.5}% 15
\BOOKMARK [2][-]{subsection.2.5.2}{Libraries}{section.2.5}% 16
\BOOKMARK [2][-]{subsection.2.5.3}{Backups}{section.2.5}% 17
\BOOKMARK [0][-]{chapter.3}{Implementation}{}% 18
\BOOKMARK [1][-]{section.3.1}{Gathering Image Data}{chapter.3}% 19
\BOOKMARK [2][-]{subsection.3.1.1}{Feature Extraction}{section.3.1}% 20
\BOOKMARK [1][-]{section.3.2}{Data Storing}{chapter.3}% 21
\BOOKMARK [1][-]{section.3.3}{Sanity Checking}{chapter.3}% 22
\BOOKMARK [0][-]{chapter.4}{Evaluation}{}% 23
\BOOKMARK [1][-]{section.4.1}{Cross Validation}{chapter.4}% 24
\BOOKMARK [1][-]{section.4.2}{Description of Data}{chapter.4}% 25
\BOOKMARK [2][-]{subsection.4.2.1}{Weather Type}{section.4.2}% 26
\BOOKMARK [2][-]{subsection.4.2.2}{Cloud Cover}{section.4.2}% 27
\BOOKMARK [2][-]{subsection.4.2.3}{Precipitation}{section.4.2}% 28
\BOOKMARK [2][-]{subsection.4.2.4}{Temperature}{section.4.2}% 29
\BOOKMARK [2][-]{subsection.4.2.5}{Sunrise and Sunset}{section.4.2}% 30
\BOOKMARK [1][-]{section.4.3}{Analysis of Classifiers}{chapter.4}% 31
\BOOKMARK [2][-]{subsection.4.3.1}{Random Forest}{section.4.3}% 32
\BOOKMARK [2][-]{subsection.4.3.2}{Multilayer Perceptron}{section.4.3}% 33
\BOOKMARK [2][-]{subsection.4.3.3}{J48}{section.4.3}% 34
\BOOKMARK [1][-]{section.4.4}{Performance}{chapter.4}% 35
\BOOKMARK [1][-]{section.4.5}{Overall Results}{chapter.4}% 36
\BOOKMARK [0][-]{chapter.5}{Conclusions}{}% 37
\BOOKMARK [1][-]{section.5.1}{Summary}{chapter.5}% 38
\BOOKMARK [1][-]{section.5.2}{Future Work}{chapter.5}% 39
\BOOKMARK [2][-]{subsection.5.2.1}{Extensions}{section.5.2}% 40
\BOOKMARK [2][-]{subsection.5.2.2}{Changes}{section.5.2}% 41
\BOOKMARK [2][-]{subsection.5.2.3}{Closing Words}{section.5.2}% 42
\BOOKMARK [0][-]{subsection.5.2.3}{Bibliography}{}% 43
\BOOKMARK [0][-]{chapter.6}{Appendices}{}% 44
\BOOKMARK [1][-]{section.6.1}{Code Extracts}{chapter.6}% 45
\BOOKMARK [2][-]{subsection.6.1.1}{Data Harvester}{section.6.1}% 46
\BOOKMARK [2][-]{subsection.6.1.2}{Classifier}{section.6.1}% 47
